12:32:31.209  INFO  tests.TestBase ### Start testloginPositiveTest
12:32:31.215  INFO  manager.MyListener Start searching element byBy.xpath: //a[.=' Logout ']
12:32:41.266  INFO  manager.MyListener The element with locator byBy.xpath: //a[.=' Logout ']is found successfully
12:32:41.266  INFO  manager.MyListener Start searching element byBy.xpath: //a[.=' Log in ']
12:32:41.286  INFO  manager.MyListener The element with locator byBy.xpath: //a[.=' Log in ']is found successfully
12:32:41.388  INFO  manager.MyListener Start searching element byBy.cssSelector: #email
12:32:41.404  INFO  manager.MyListener The element with locator byBy.cssSelector: #emailis found successfully
12:32:41.575  INFO  manager.MyListener Start searching element byBy.cssSelector: #password
12:32:41.595  INFO  manager.MyListener The element with locator byBy.cssSelector: #passwordis found successfully
12:32:41.735  INFO  manager.MyListener Start searching element byBy.cssSelector: button[type='submit']
12:32:41.755  INFO  manager.MyListener The element with locator byBy.cssSelector: button[type='submit']is found successfully
12:32:41.777  INFO  manager.MyListener Start searching element byBy.xpath: //h2[.='Logged in success']
12:32:42.988  INFO  manager.MyListener The element with locator byBy.xpath: //h2[.='Logged in success']is found successfully
12:32:43.024  INFO  manager.MyListener Start searching element byBy.xpath: //h2[.='Logged in success']
12:32:43.040  INFO  manager.MyListener The element with locator byBy.xpath: //h2[.='Logged in success']is found successfully
12:32:43.056  INFO  manager.MyListener Start searching element byBy.xpath: //button[.='Ok']
12:32:43.071  INFO  manager.MyListener The element with locator byBy.xpath: //button[.='Ok']is found successfully
12:32:43.071  INFO  manager.MyListener Start searching element byBy.xpath: //button[.='Ok']
12:32:43.112  INFO  manager.MyListener The element with locator byBy.xpath: //button[.='Ok']is found successfully
12:32:43.145  INFO  tests.TestBase ### Finished###
12:32:43.145  INFO  tests.TestBase ### Start testloginWrongEmail
12:32:43.145  INFO  manager.MyListener Start searching element byBy.xpath: //a[.=' Logout ']
12:32:43.160  INFO  manager.MyListener The element with locator byBy.xpath: //a[.=' Logout ']is found successfully
12:32:43.160  INFO  manager.MyListener Start searching element byBy.xpath: //a[.=' Logout ']
12:32:43.186  INFO  manager.MyListener The element with locator byBy.xpath: //a[.=' Logout ']is found successfully
12:32:43.258  INFO  manager.MyListener Start searching element byBy.xpath: //a[.=' Log in ']
12:32:43.279  INFO  manager.MyListener The element with locator byBy.xpath: //a[.=' Log in ']is found successfully
12:32:43.334  INFO  manager.MyListener Start searching element byBy.cssSelector: #email
12:32:43.347  INFO  manager.MyListener The element with locator byBy.cssSelector: #emailis found successfully
12:32:43.496  INFO  manager.MyListener Start searching element byBy.cssSelector: #password
12:32:43.512  INFO  manager.MyListener The element with locator byBy.cssSelector: #passwordis found successfully
12:32:43.641  INFO  manager.MyListener Start searching element byBy.cssSelector: button[type='submit']
12:32:43.663  INFO  manager.MyListener The element with locator byBy.cssSelector: button[type='submit']is found successfully
12:32:43.680  INFO  manager.MyListener Start searching element byBy.xpath: //div[.="It'snot look like email"]
12:32:43.694  INFO  manager.MyListener The element with locator byBy.xpath: //div[.="It'snot look like email"]is found successfully
12:32:43.726  INFO  manager.MyListener Start searching element byBy.xpath: //div[.="It'snot look like email"]
12:32:43.736  INFO  manager.MyListener The element with locator byBy.xpath: //div[.="It'snot look like email"]is found successfully
12:32:43.753  INFO  manager.MyListener Start searching element byBy.xpath: //button[.='Ok']
12:32:44.229  INFO  manager.MyListener The element with locator byBy.xpath: //button[.='Ok']is found successfully
12:32:44.229  INFO  manager.MyListener Start searching element byBy.xpath: //button[.='Ok']
12:32:44.239  INFO  manager.MyListener The element with locator byBy.xpath: //button[.='Ok']is found successfully
12:32:44.282  INFO  tests.TestBase ### Finished###
12:32:44.282  INFO  tests.TestBase ### Start testloginWrongPassword
12:32:44.282  INFO  manager.MyListener Start searching element byBy.xpath: //a[.=' Logout ']
12:32:54.354  INFO  manager.MyListener The element with locator byBy.xpath: //a[.=' Logout ']is found successfully
12:32:54.355  INFO  manager.MyListener Start searching element byBy.xpath: //a[.=' Log in ']
12:32:54.371  INFO  manager.MyListener The element with locator byBy.xpath: //a[.=' Log in ']is found successfully
12:32:54.409  INFO  manager.MyListener Start searching element byBy.cssSelector: #email
12:32:54.430  INFO  manager.MyListener The element with locator byBy.cssSelector: #emailis found successfully
12:32:54.571  INFO  manager.MyListener Start searching element byBy.cssSelector: #password
12:32:54.592  INFO  manager.MyListener The element with locator byBy.cssSelector: #passwordis found successfully
12:32:54.716  INFO  manager.MyListener Start searching element byBy.cssSelector: button[type='submit']
12:32:54.733  INFO  manager.MyListener The element with locator byBy.cssSelector: button[type='submit']is found successfully
12:32:54.750  INFO  manager.MyListener Start searching element byBy.xpath: //button[.='Ok']
12:32:55.209  INFO  manager.MyListener The element with locator byBy.xpath: //button[.='Ok']is found successfully
12:32:55.209  INFO  manager.MyListener Start searching element byBy.xpath: //button[.='Ok']
12:32:55.227  INFO  manager.MyListener The element with locator byBy.xpath: //button[.='Ok']is found successfully
12:32:55.227  INFO  manager.MyListener Start searching element byBy.xpath: //button[.='Ok']
12:32:55.244  INFO  manager.MyListener The element with locator byBy.xpath: //button[.='Ok']is found successfully
12:32:55.297  INFO  tests.TestBase ### Finished###
